0 info it worked if it ends with ok
1 verbose cli [ '/home/julio/.gradle/nodejs/node-v9.11.1-linux-x64/bin/node',
1 verbose cli   '/home/julio/.gradle/npm/npm-v5.6.0/bin/npm',
1 verbose cli   'test' ]
2 info using npm@5.6.0
3 info using node@v9.11.1
4 verbose config Skipping project config: /home/julio/.npmrc. (matches userconfig)
5 verbose stack Error: ENOENT: no such file or directory, open '/home/julio/package.json'
6 verbose cwd /home/julio
7 verbose Linux 3.10.0-1127.8.2.el7.x86_64
8 verbose argv "/home/julio/.gradle/nodejs/node-v9.11.1-linux-x64/bin/node" "/home/julio/.gradle/npm/npm-v5.6.0/bin/npm" "test"
9 verbose node v9.11.1
10 verbose npm  v5.6.0
11 error path /home/julio/package.json
12 error code ENOENT
13 error errno -2
14 error syscall open
15 error enoent ENOENT: no such file or directory, open '/home/julio/package.json'
16 error enoent This is related to npm not being able to find a file.
17 verbose exit [ -2, true ]
