0 info it worked if it ends with ok
1 verbose cli [ '/home/julio/.gradle/nodejs/node-v9.11.1-linux-x64/bin/node',
1 verbose cli   '/home/julio/.gradle/npm/npm-v5.6.0/bin/npm',
1 verbose cli   'test' ]
2 info using npm@5.6.0
3 info using node@v9.11.1
4 verbose config Skipping project config: /home/julio/.npmrc. (matches userconfig)
5 verbose stack Error: Invalid name: "Testando Jungle"
5 verbose stack     at ensureValidName (/home/julio/.gradle/npm/npm-v5.6.0/lib/node_modules/npm/node_modules/normalize-package-data/lib/fixer.js:335:15)
5 verbose stack     at Object.fixNameField (/home/julio/.gradle/npm/npm-v5.6.0/lib/node_modules/npm/node_modules/normalize-package-data/lib/fixer.js:215:5)
5 verbose stack     at /home/julio/.gradle/npm/npm-v5.6.0/lib/node_modules/npm/node_modules/normalize-package-data/lib/normalize.js:32:38
5 verbose stack     at Array.forEach (<anonymous>)
5 verbose stack     at normalize (/home/julio/.gradle/npm/npm-v5.6.0/lib/node_modules/npm/node_modules/normalize-package-data/lib/normalize.js:31:15)
5 verbose stack     at final (/home/julio/.gradle/npm/npm-v5.6.0/lib/node_modules/npm/node_modules/read-package-json/read-json.js:395:5)
5 verbose stack     at then (/home/julio/.gradle/npm/npm-v5.6.0/lib/node_modules/npm/node_modules/read-package-json/read-json.js:160:5)
5 verbose stack     at /home/julio/.gradle/npm/npm-v5.6.0/lib/node_modules/npm/node_modules/read-package-json/read-json.js:348:12
5 verbose stack     at /home/julio/.gradle/npm/npm-v5.6.0/lib/node_modules/npm/node_modules/graceful-fs/graceful-fs.js:78:16
5 verbose stack     at FSReqWrap.readFileAfterClose [as oncomplete] (fs.js:525:3)
6 verbose cwd /home/julio
7 verbose Linux 3.10.0-1127.8.2.el7.x86_64
8 verbose argv "/home/julio/.gradle/nodejs/node-v9.11.1-linux-x64/bin/node" "/home/julio/.gradle/npm/npm-v5.6.0/bin/npm" "test"
9 verbose node v9.11.1
10 verbose npm  v5.6.0
11 error Invalid name: "Testando Jungle"
12 verbose exit [ 1, true ]
